{
  "RSpec": {
    "coverage": {
      "/Users/emilyport/Desktop/Turing/mod_4/projects/tea_subscription_service/app/models/customer.rb": {
        "lines": [
          1,
          1,
          1,
          null,
          1,
          1,
          null,
          null,
          null
        ]
      },
      "/Users/emilyport/Desktop/Turing/mod_4/projects/tea_subscription_service/app/models/subscription.rb": {
        "lines": [
          1,
          1,
          1,
          1,
          1,
          null,
          1,
          null,
          null,
          null,
          null,
          null
        ]
      },
      "/Users/emilyport/Desktop/Turing/mod_4/projects/tea_subscription_service/app/models/tea.rb": {
        "lines": [
          1,
          1,
          1,
          null,
          1,
          null
        ]
      },
      "/Users/emilyport/Desktop/Turing/mod_4/projects/tea_subscription_service/app/models/tea_subscription.rb": {
        "lines": [
          1,
          1,
          1,
          null
        ]
      },
      "/Users/emilyport/Desktop/Turing/mod_4/projects/tea_subscription_service/app/controllers/api/v1/subscriptions_controller.rb": {
        "lines": [
          1,
          1,
          null,
          1,
          2,
          1,
          null,
          1,
          null,
          null,
          1,
          null,
          null,
          null,
          null,
          null,
          null,
          4,
          4,
          2,
          null,
          2,
          null,
          null,
          null,
          null,
          1,
          4,
          2,
          2,
          null,
          2,
          null,
          null,
          null,
          1,
          null,
          1,
          10,
          8,
          null,
          2,
          null,
          null,
          null,
          1,
          9,
          null,
          null,
          1,
          3,
          null,
          null
        ]
      },
      "/Users/emilyport/Desktop/Turing/mod_4/projects/tea_subscription_service/app/controllers/application_controller.rb": {
        "lines": [
          1,
          null
        ]
      },
      "/Users/emilyport/Desktop/Turing/mod_4/projects/tea_subscription_service/app/serializers/subscription_serializer.rb": {
        "lines": [
          1,
          1,
          1,
          null
        ]
      }
    },
    "timestamp": 1677119740
  }
}
